Message[302] C:\USERS\JACEF\PROJECTS\UNIVERSAL REMOTE FIRMWARE\FIRMWARE\UNIVERSAL_REMOTE_CONTROL.X\URC_PIC16LF1789_SET_UP.INC 135 : Register in operand not in bank 0.  Ensure that bank bits are correct.
Message[302] C:\USERS\JACEF\PROJECTS\UNIVERSAL REMOTE FIRMWARE\FIRMWARE\UNIVERSAL_REMOTE_CONTROL.X\URC_PIC16LF1789_SET_UP.INC 139 : Register in operand not in bank 0.  Ensure that bank bits are correct.
Message[302] C:\USERS\JACEF\PROJECTS\UNIVERSAL REMOTE FIRMWARE\FIRMWARE\UNIVERSAL_REMOTE_CONTROL.X\URC_PIC16LF1789_SET_UP.INC 143 : Register in operand not in bank 0.  Ensure that bank bits are correct.
Message[302] C:\USERS\JACEF\PROJECTS\UNIVERSAL REMOTE FIRMWARE\FIRMWARE\UNIVERSAL_REMOTE_CONTROL.X\URC_PIC16LF1789_SET_UP.INC 147 : Register in operand not in bank 0.  Ensure that bank bits are correct.
Message[302] C:\USERS\JACEF\PROJECTS\UNIVERSAL REMOTE FIRMWARE\FIRMWARE\UNIVERSAL_REMOTE_CONTROL.X\URC_PIC16LF1789_SET_UP.INC 150 : Register in operand not in bank 0.  Ensure that bank bits are correct.
Message[302] C:\USERS\JACEF\PROJECTS\UNIVERSAL REMOTE FIRMWARE\FIRMWARE\UNIVERSAL_REMOTE_CONTROL.X\URC_PIC16LF1789_SET_UP.INC 153 : Register in operand not in bank 0.  Ensure that bank bits are correct.
Message[302] C:\USERS\JACEF\PROJECTS\UNIVERSAL REMOTE FIRMWARE\FIRMWARE\UNIVERSAL_REMOTE_CONTROL.X\URC_PIC16LF1789_SET_UP.INC 169 : Register in operand not in bank 0.  Ensure that bank bits are correct.
Message[302] C:\USERS\JACEF\PROJECTS\UNIVERSAL REMOTE FIRMWARE\FIRMWARE\UNIVERSAL_REMOTE_CONTROL.X\URC_PIC16LF1789_SET_UP.INC 173 : Register in operand not in bank 0.  Ensure that bank bits are correct.
Message[302] C:\USERS\JACEF\PROJECTS\UNIVERSAL REMOTE FIRMWARE\FIRMWARE\UNIVERSAL_REMOTE_CONTROL.X\URC_PIC16LF1789_SET_UP.INC 177 : Register in operand not in bank 0.  Ensure that bank bits are correct.
Message[302] C:\USERS\JACEF\PROJECTS\UNIVERSAL REMOTE FIRMWARE\FIRMWARE\UNIVERSAL_REMOTE_CONTROL.X\URC_PIC16LF1789_SET_UP.INC 180 : Register in operand not in bank 0.  Ensure that bank bits are correct.
Message[302] C:\USERS\JACEF\PROJECTS\UNIVERSAL REMOTE FIRMWARE\FIRMWARE\UNIVERSAL_REMOTE_CONTROL.X\URC_PIC16LF1789_SET_UP.INC 183 : Register in operand not in bank 0.  Ensure that bank bits are correct.
Message[302] C:\USERS\JACEF\PROJECTS\UNIVERSAL REMOTE FIRMWARE\FIRMWARE\UNIVERSAL_REMOTE_CONTROL.X\URC_PIC16LF1789_SET_UP.INC 187 : Register in operand not in bank 0.  Ensure that bank bits are correct.
Message[302] C:\USERS\JACEF\PROJECTS\UNIVERSAL REMOTE FIRMWARE\FIRMWARE\UNIVERSAL_REMOTE_CONTROL.X\URC_PIC16LF1789_SET_UP.INC 190 : Register in operand not in bank 0.  Ensure that bank bits are correct.
Message[302] C:\USERS\JACEF\PROJECTS\UNIVERSAL REMOTE FIRMWARE\FIRMWARE\UNIVERSAL_REMOTE_CONTROL.X\URC_PIC16LF1789_SET_UP.INC 194 : Register in operand not in bank 0.  Ensure that bank bits are correct.
Message[302] C:\USERS\JACEF\PROJECTS\UNIVERSAL REMOTE FIRMWARE\FIRMWARE\UNIVERSAL_REMOTE_CONTROL.X\URC_PIC16LF1789_SET_UP.INC 198 : Register in operand not in bank 0.  Ensure that bank bits are correct.
Message[302] C:\USERS\JACEF\PROJECTS\UNIVERSAL REMOTE FIRMWARE\FIRMWARE\UNIVERSAL_REMOTE_CONTROL.X\URC_PIC16LF1789_SET_UP.INC 202 : Register in operand not in bank 0.  Ensure that bank bits are correct.
Message[302] C:\USERS\JACEF\PROJECTS\UNIVERSAL REMOTE FIRMWARE\FIRMWARE\UNIVERSAL_REMOTE_CONTROL.X\URC_PIC16LF1789_SET_UP.INC 205 : Register in operand not in bank 0.  Ensure that bank bits are correct.
Message[302] C:\USERS\JACEF\PROJECTS\UNIVERSAL REMOTE FIRMWARE\FIRMWARE\UNIVERSAL_REMOTE_CONTROL.X\URC_PIC16LF1789_SET_UP.INC 208 : Register in operand not in bank 0.  Ensure that bank bits are correct.
Message[302] C:\USERS\JACEF\PROJECTS\UNIVERSAL REMOTE FIRMWARE\FIRMWARE\UNIVERSAL_REMOTE_CONTROL.X\URC_PIC16LF1789_SET_UP.INC 212 : Register in operand not in bank 0.  Ensure that bank bits are correct.
Message[302] C:\USERS\JACEF\PROJECTS\UNIVERSAL REMOTE FIRMWARE\FIRMWARE\UNIVERSAL_REMOTE_CONTROL.X\URC_PIC16LF1789_SET_UP.INC 215 : Register in operand not in bank 0.  Ensure that bank bits are correct.
Message[302] C:\USERS\JACEF\PROJECTS\UNIVERSAL REMOTE FIRMWARE\FIRMWARE\UNIVERSAL_REMOTE_CONTROL.X\URC_PIC16LF1789_SET_UP.INC 219 : Register in operand not in bank 0.  Ensure that bank bits are correct.
Message[302] C:\USERS\JACEF\PROJECTS\UNIVERSAL REMOTE FIRMWARE\FIRMWARE\UNIVERSAL_REMOTE_CONTROL.X\URC_PIC16LF1789_SET_UP.INC 222 : Register in operand not in bank 0.  Ensure that bank bits are correct.
Message[302] C:\USERS\JACEF\PROJECTS\UNIVERSAL REMOTE FIRMWARE\FIRMWARE\UNIVERSAL_REMOTE_CONTROL.X\URC_PIC16LF1789_SET_UP.INC 226 : Register in operand not in bank 0.  Ensure that bank bits are correct.
Message[302] C:\USERS\JACEF\PROJECTS\UNIVERSAL REMOTE FIRMWARE\FIRMWARE\UNIVERSAL_REMOTE_CONTROL.X\URC_PIC16LF1789_SET_UP.INC 229 : Register in operand not in bank 0.  Ensure that bank bits are correct.
Message[302] C:\USERS\JACEF\PROJECTS\UNIVERSAL REMOTE FIRMWARE\FIRMWARE\UNIVERSAL_REMOTE_CONTROL.X\URC_PIC16LF1789_SET_UP.INC 232 : Register in operand not in bank 0.  Ensure that bank bits are correct.
Message[302] C:\USERS\JACEF\PROJECTS\UNIVERSAL REMOTE FIRMWARE\FIRMWARE\UNIVERSAL_REMOTE_CONTROL.X\URC_PIC16LF1789_SET_UP.INC 236 : Register in operand not in bank 0.  Ensure that bank bits are correct.
Message[302] C:\USERS\JACEF\PROJECTS\UNIVERSAL REMOTE FIRMWARE\FIRMWARE\UNIVERSAL_REMOTE_CONTROL.X\URC_PIC16LF1789_SET_UP.INC 239 : Register in operand not in bank 0.  Ensure that bank bits are correct.
Message[302] C:\USERS\JACEF\PROJECTS\UNIVERSAL REMOTE FIRMWARE\FIRMWARE\UNIVERSAL_REMOTE_CONTROL.X\URC_PIC16LF1789_SET_UP.INC 243 : Register in operand not in bank 0.  Ensure that bank bits are correct.
Message[302] C:\USERS\JACEF\PROJECTS\UNIVERSAL REMOTE FIRMWARE\FIRMWARE\UNIVERSAL_REMOTE_CONTROL.X\URC_PIC16LF1789_SET_UP.INC 246 : Register in operand not in bank 0.  Ensure that bank bits are correct.
Message[302] C:\USERS\JACEF\PROJECTS\UNIVERSAL REMOTE FIRMWARE\FIRMWARE\UNIVERSAL_REMOTE_CONTROL.X\URC_PIC16LF1789_SET_UP.INC 250 : Register in operand not in bank 0.  Ensure that bank bits are correct.
Message[302] C:\USERS\JACEF\PROJECTS\UNIVERSAL REMOTE FIRMWARE\FIRMWARE\UNIVERSAL_REMOTE_CONTROL.X\URC_PIC16LF1789_SET_UP.INC 253 : Register in operand not in bank 0.  Ensure that bank bits are correct.
Message[302] C:\USERS\JACEF\PROJECTS\UNIVERSAL REMOTE FIRMWARE\FIRMWARE\UNIVERSAL_REMOTE_CONTROL.X\URC_PIC16LF1789_SET_UP.INC 256 : Register in operand not in bank 0.  Ensure that bank bits are correct.
Message[302] C:\USERS\JACEF\PROJECTS\UNIVERSAL REMOTE FIRMWARE\FIRMWARE\UNIVERSAL_REMOTE_CONTROL.X\URC_PIC16LF1789_SET_UP.INC 260 : Register in operand not in bank 0.  Ensure that bank bits are correct.
Message[302] C:\USERS\JACEF\PROJECTS\UNIVERSAL REMOTE FIRMWARE\FIRMWARE\UNIVERSAL_REMOTE_CONTROL.X\URC_PIC16LF1789_SET_UP.INC 263 : Register in operand not in bank 0.  Ensure that bank bits are correct.
Message[302] C:\USERS\JACEF\PROJECTS\UNIVERSAL REMOTE FIRMWARE\FIRMWARE\UNIVERSAL_REMOTE_CONTROL.X\URC_PIC16LF1789_SET_UP.INC 267 : Register in operand not in bank 0.  Ensure that bank bits are correct.
Message[302] C:\USERS\JACEF\PROJECTS\UNIVERSAL REMOTE FIRMWARE\FIRMWARE\UNIVERSAL_REMOTE_CONTROL.X\URC_PIC16LF1789_SET_UP.INC 270 : Register in operand not in bank 0.  Ensure that bank bits are correct.
Message[302] C:\USERS\JACEF\PROJECTS\UNIVERSAL REMOTE FIRMWARE\FIRMWARE\UNIVERSAL_REMOTE_CONTROL.X\URC_PIC16LF1789_SET_UP.INC 274 : Register in operand not in bank 0.  Ensure that bank bits are correct.
Message[302] C:\USERS\JACEF\PROJECTS\UNIVERSAL REMOTE FIRMWARE\FIRMWARE\UNIVERSAL_REMOTE_CONTROL.X\URC_PIC16LF1789_SET_UP.INC 277 : Register in operand not in bank 0.  Ensure that bank bits are correct.
Message[302] C:\USERS\JACEF\PROJECTS\UNIVERSAL REMOTE FIRMWARE\FIRMWARE\UNIVERSAL_REMOTE_CONTROL.X\URC_PIC16LF1789_SET_UP.INC 280 : Register in operand not in bank 0.  Ensure that bank bits are correct.
Message[302] C:\USERS\JACEF\PROJECTS\UNIVERSAL REMOTE FIRMWARE\FIRMWARE\UNIVERSAL_REMOTE_CONTROL.X\URC_PIC16LF1789_SET_UP.INC 284 : Register in operand not in bank 0.  Ensure that bank bits are correct.
Message[302] C:\USERS\JACEF\PROJECTS\UNIVERSAL REMOTE FIRMWARE\FIRMWARE\UNIVERSAL_REMOTE_CONTROL.X\URC_PIC16LF1789_SET_UP.INC 287 : Register in operand not in bank 0.  Ensure that bank bits are correct.
Message[302] C:\USERS\JACEF\PROJECTS\UNIVERSAL REMOTE FIRMWARE\FIRMWARE\UNIVERSAL_REMOTE_CONTROL.X\URC_PIC16LF1789_SET_UP.INC 291 : Register in operand not in bank 0.  Ensure that bank bits are correct.
Message[302] C:\USERS\JACEF\PROJECTS\UNIVERSAL REMOTE FIRMWARE\FIRMWARE\UNIVERSAL_REMOTE_CONTROL.X\URC_PIC16LF1789_SET_UP.INC 295 : Register in operand not in bank 0.  Ensure that bank bits are correct.
Message[302] C:\USERS\JACEF\PROJECTS\UNIVERSAL REMOTE FIRMWARE\FIRMWARE\UNIVERSAL_REMOTE_CONTROL.X\URC_PIC16LF1789_SET_UP.INC 300 : Register in operand not in bank 0.  Ensure that bank bits are correct.
Message[302] C:\USERS\JACEF\PROJECTS\UNIVERSAL REMOTE FIRMWARE\FIRMWARE\UNIVERSAL_REMOTE_CONTROL.X\URC_PIC16LF1789_SET_UP.INC 304 : Register in operand not in bank 0.  Ensure that bank bits are correct.
Message[302] C:\USERS\JACEF\PROJECTS\UNIVERSAL REMOTE FIRMWARE\FIRMWARE\UNIVERSAL_REMOTE_CONTROL.X\URC_PIC16LF1789_SET_UP.INC 308 : Register in operand not in bank 0.  Ensure that bank bits are correct.
Message[302] C:\USERS\JACEF\PROJECTS\UNIVERSAL REMOTE FIRMWARE\FIRMWARE\UNIVERSAL_REMOTE_CONTROL.X\URC_PIC16LF1789_SET_UP.INC 312 : Register in operand not in bank 0.  Ensure that bank bits are correct.
Message[302] C:\USERS\JACEF\PROJECTS\UNIVERSAL REMOTE FIRMWARE\FIRMWARE\UNIVERSAL_REMOTE_CONTROL.X\URC_PIC16LF1789_SET_UP.INC 315 : Register in operand not in bank 0.  Ensure that bank bits are correct.
Message[302] C:\USERS\JACEF\PROJECTS\UNIVERSAL REMOTE FIRMWARE\FIRMWARE\UNIVERSAL_REMOTE_CONTROL.X\URC_PIC16LF1789_SET_UP.INC 320 : Register in operand not in bank 0.  Ensure that bank bits are correct.
Message[302] C:\USERS\JACEF\PROJECTS\UNIVERSAL REMOTE FIRMWARE\FIRMWARE\UNIVERSAL_REMOTE_CONTROL.X\URC_PIC16LF1789_SET_UP.INC 324 : Register in operand not in bank 0.  Ensure that bank bits are correct.
Message[302] C:\USERS\JACEF\PROJECTS\UNIVERSAL REMOTE FIRMWARE\FIRMWARE\UNIVERSAL_REMOTE_CONTROL.X\URC_PIC16LF1789_SET_UP.INC 328 : Register in operand not in bank 0.  Ensure that bank bits are correct.
Message[302] C:\USERS\JACEF\PROJECTS\UNIVERSAL REMOTE FIRMWARE\FIRMWARE\UNIVERSAL_REMOTE_CONTROL.X\URC_PIC16LF1789_SET_UP.INC 337 : Register in operand not in bank 0.  Ensure that bank bits are correct.
Message[302] C:\USERS\JACEF\PROJECTS\UNIVERSAL REMOTE FIRMWARE\FIRMWARE\UNIVERSAL_REMOTE_CONTROL.X\URC_PIC16LF1789_SET_UP.INC 341 : Register in operand not in bank 0.  Ensure that bank bits are correct.
Message[302] C:\USERS\JACEF\PROJECTS\UNIVERSAL REMOTE FIRMWARE\FIRMWARE\UNIVERSAL_REMOTE_CONTROL.X\URC_PIC16LF1789_SET_UP.INC 344 : Register in operand not in bank 0.  Ensure that bank bits are correct.
Message[302] C:\USERS\JACEF\PROJECTS\UNIVERSAL REMOTE FIRMWARE\FIRMWARE\UNIVERSAL_REMOTE_CONTROL.X\URC_PIC16LF1789_SET_UP.INC 348 : Register in operand not in bank 0.  Ensure that bank bits are correct.
Message[302] C:\USERS\JACEF\PROJECTS\UNIVERSAL REMOTE FIRMWARE\FIRMWARE\UNIVERSAL_REMOTE_CONTROL.X\URC_UART.INC 19 : Register in operand not in bank 0.  Ensure that bank bits are correct.
Message[302] C:\USERS\JACEF\PROJECTS\UNIVERSAL REMOTE FIRMWARE\FIRMWARE\UNIVERSAL_REMOTE_CONTROL.X\URC_UART.INC 24 : Register in operand not in bank 0.  Ensure that bank bits are correct.
Message[302] C:\USERS\JACEF\PROJECTS\UNIVERSAL REMOTE FIRMWARE\FIRMWARE\UNIVERSAL_REMOTE_CONTROL.X\URC_UART.INC 26 : Register in operand not in bank 0.  Ensure that bank bits are correct.
Message[302] C:\USERS\JACEF\PROJECTS\UNIVERSAL REMOTE FIRMWARE\FIRMWARE\UNIVERSAL_REMOTE_CONTROL.X\URC_UART.INC 31 : Register in operand not in bank 0.  Ensure that bank bits are correct.
Message[302] C:\USERS\JACEF\PROJECTS\UNIVERSAL REMOTE FIRMWARE\FIRMWARE\UNIVERSAL_REMOTE_CONTROL.X\URC_UART.INC 33 : Register in operand not in bank 0.  Ensure that bank bits are correct.
Message[302] C:\USERS\JACEF\PROJECTS\UNIVERSAL REMOTE FIRMWARE\FIRMWARE\UNIVERSAL_REMOTE_CONTROL.X\URC_UART.INC 38 : Register in operand not in bank 0.  Ensure that bank bits are correct.
Message[302] C:\USERS\JACEF\PROJECTS\UNIVERSAL REMOTE FIRMWARE\FIRMWARE\UNIVERSAL_REMOTE_CONTROL.X\URC_UART.INC 40 : Register in operand not in bank 0.  Ensure that bank bits are correct.
Message[302] C:\USERS\JACEF\PROJECTS\UNIVERSAL REMOTE FIRMWARE\FIRMWARE\UNIVERSAL_REMOTE_CONTROL.X\URC_UART.INC 45 : Register in operand not in bank 0.  Ensure that bank bits are correct.
Message[302] C:\USERS\JACEF\PROJECTS\UNIVERSAL REMOTE FIRMWARE\FIRMWARE\UNIVERSAL_REMOTE_CONTROL.X\URC_UART.INC 47 : Register in operand not in bank 0.  Ensure that bank bits are correct.
Message[302] C:\USERS\JACEF\PROJECTS\UNIVERSAL REMOTE FIRMWARE\FIRMWARE\UNIVERSAL_REMOTE_CONTROL.X\URC_UART.INC 52 : Register in operand not in bank 0.  Ensure that bank bits are correct.
Message[302] C:\USERS\JACEF\PROJECTS\UNIVERSAL REMOTE FIRMWARE\FIRMWARE\UNIVERSAL_REMOTE_CONTROL.X\URC_UART.INC 54 : Register in operand not in bank 0.  Ensure that bank bits are correct.
Message[302] C:\USERS\JACEF\PROJECTS\UNIVERSAL REMOTE FIRMWARE\FIRMWARE\UNIVERSAL_REMOTE_CONTROL.X\URC_UART.INC 59 : Register in operand not in bank 0.  Ensure that bank bits are correct.
Message[302] C:\USERS\JACEF\PROJECTS\UNIVERSAL REMOTE FIRMWARE\FIRMWARE\UNIVERSAL_REMOTE_CONTROL.X\URC_UART.INC 61 : Register in operand not in bank 0.  Ensure that bank bits are correct.
Message[305] C:\USERS\JACEF\PROJECTS\UNIVERSAL REMOTE FIRMWARE\FIRMWARE\UNIVERSAL_REMOTE_CONTROL.X\URC_UART.INC 101 : Using default destination of 1 (file).
Message[305] C:\USERS\JACEF\PROJECTS\UNIVERSAL REMOTE FIRMWARE\FIRMWARE\UNIVERSAL_REMOTE_CONTROL.X\URC_UART.INC 105 : Using default destination of 1 (file).
Message[302] C:\USERS\JACEF\PROJECTS\UNIVERSAL REMOTE FIRMWARE\FIRMWARE\UNIVERSAL_REMOTE_CONTROL.X\URC_ADC.INC 58 : Register in operand not in bank 0.  Ensure that bank bits are correct.
Message[305] C:\USERS\JACEF\PROJECTS\UNIVERSAL REMOTE FIRMWARE\FIRMWARE\UNIVERSAL_REMOTE_CONTROL.X\URC_ADC.INC 61 : Using default destination of 1 (file).
Message[302] C:\USERS\JACEF\PROJECTS\UNIVERSAL REMOTE FIRMWARE\FIRMWARE\UNIVERSAL_REMOTE_CONTROL.X\URC_ADC.INC 65 : Register in operand not in bank 0.  Ensure that bank bits are correct.
Message[302] C:\USERS\JACEF\PROJECTS\UNIVERSAL REMOTE FIRMWARE\FIRMWARE\UNIVERSAL_REMOTE_CONTROL.X\URC_ADC.INC 67 : Register in operand not in bank 0.  Ensure that bank bits are correct.
Message[305] C:\USERS\JACEF\PROJECTS\UNIVERSAL REMOTE FIRMWARE\FIRMWARE\UNIVERSAL_REMOTE_CONTROL.X\URC_ADC.INC 72 : Using default destination of 1 (file).
Message[302] C:\USERS\JACEF\PROJECTS\UNIVERSAL REMOTE FIRMWARE\FIRMWARE\UNIVERSAL_REMOTE_CONTROL.X\URC_ADC.INC 76 : Register in operand not in bank 0.  Ensure that bank bits are correct.
Message[302] C:\USERS\JACEF\PROJECTS\UNIVERSAL REMOTE FIRMWARE\FIRMWARE\UNIVERSAL_REMOTE_CONTROL.X\URC_ADC.INC 78 : Register in operand not in bank 0.  Ensure that bank bits are correct.
Message[305] C:\USERS\JACEF\PROJECTS\UNIVERSAL REMOTE FIRMWARE\FIRMWARE\UNIVERSAL_REMOTE_CONTROL.X\URC_ADC.INC 83 : Using default destination of 1 (file).
Message[302] C:\USERS\JACEF\PROJECTS\UNIVERSAL REMOTE FIRMWARE\FIRMWARE\UNIVERSAL_REMOTE_CONTROL.X\URC_ADC.INC 87 : Register in operand not in bank 0.  Ensure that bank bits are correct.
Message[302] C:\USERS\JACEF\PROJECTS\UNIVERSAL REMOTE FIRMWARE\FIRMWARE\UNIVERSAL_REMOTE_CONTROL.X\URC_ADC.INC 89 : Register in operand not in bank 0.  Ensure that bank bits are correct.
Message[305] C:\USERS\JACEF\PROJECTS\UNIVERSAL REMOTE FIRMWARE\FIRMWARE\UNIVERSAL_REMOTE_CONTROL.X\URC_ADC.INC 94 : Using default destination of 1 (file).
Message[302] C:\USERS\JACEF\PROJECTS\UNIVERSAL REMOTE FIRMWARE\FIRMWARE\UNIVERSAL_REMOTE_CONTROL.X\URC_ADC.INC 98 : Register in operand not in bank 0.  Ensure that bank bits are correct.
Message[302] C:\USERS\JACEF\PROJECTS\UNIVERSAL REMOTE FIRMWARE\FIRMWARE\UNIVERSAL_REMOTE_CONTROL.X\URC_ADC.INC 100 : Register in operand not in bank 0.  Ensure that bank bits are correct.
Message[305] C:\USERS\JACEF\PROJECTS\UNIVERSAL REMOTE FIRMWARE\FIRMWARE\UNIVERSAL_REMOTE_CONTROL.X\URC_ADC.INC 105 : Using default destination of 1 (file).
Message[302] C:\USERS\JACEF\PROJECTS\UNIVERSAL REMOTE FIRMWARE\FIRMWARE\UNIVERSAL_REMOTE_CONTROL.X\URC_ADC.INC 109 : Register in operand not in bank 0.  Ensure that bank bits are correct.
Message[302] C:\USERS\JACEF\PROJECTS\UNIVERSAL REMOTE FIRMWARE\FIRMWARE\UNIVERSAL_REMOTE_CONTROL.X\URC_ADC.INC 111 : Register in operand not in bank 0.  Ensure that bank bits are correct.
Message[302] C:\USERS\JACEF\PROJECTS\UNIVERSAL REMOTE FIRMWARE\FIRMWARE\UNIVERSAL_REMOTE_CONTROL.X\URC_ADC.INC 120 : Register in operand not in bank 0.  Ensure that bank bits are correct.
Message[302] C:\USERS\JACEF\PROJECTS\UNIVERSAL REMOTE FIRMWARE\FIRMWARE\UNIVERSAL_REMOTE_CONTROL.X\URC_ADC.INC 122 : Register in operand not in bank 0.  Ensure that bank bits are correct.
Message[302] C:\USERS\JACEF\PROJECTS\UNIVERSAL REMOTE FIRMWARE\FIRMWARE\UNIVERSAL_REMOTE_CONTROL.X\UNIVERSAL_REMOTE_CONTROL_MAIN.ASM 58 : Register in operand not in bank 0.  Ensure that bank bits are correct.
Message[302] C:\USERS\JACEF\PROJECTS\UNIVERSAL REMOTE FIRMWARE\FIRMWARE\UNIVERSAL_REMOTE_CONTROL.X\UNIVERSAL_REMOTE_CONTROL_MAIN.ASM 67 : Register in operand not in bank 0.  Ensure that bank bits are correct.
Message[302] C:\USERS\JACEF\PROJECTS\UNIVERSAL REMOTE FIRMWARE\FIRMWARE\UNIVERSAL_REMOTE_CONTROL.X\UNIVERSAL_REMOTE_CONTROL_MAIN.ASM 107 : Register in operand not in bank 0.  Ensure that bank bits are correct.
Message[302] C:\USERS\JACEF\PROJECTS\UNIVERSAL REMOTE FIRMWARE\FIRMWARE\UNIVERSAL_REMOTE_CONTROL.X\UNIVERSAL_REMOTE_CONTROL_MAIN.ASM 111 : Register in operand not in bank 0.  Ensure that bank bits are correct.
